<?xml version="1.0" encoding="UTF-8"?>
<!-- Generated by org.testng.reporters.JUnitXMLReporter -->
<testsuite ignored="0" hostname="blr-mp3nl" failures="1" tests="1" name="Test" time="43.775" errors="0" timestamp="2023-02-01T17:09:16 IST">
  <testcase classname="TestScriptsForM365.SendMailFromOnlineToOnpremAccount" name="sendEmail" time="31.917">
    <failure type="org.openqa.selenium.ElementClickInterceptedException" message="element click intercepted: Element &amp;lt;input id=&amp;quot;KmsiCheckboxField&amp;quot; name=&amp;quot;DontShowAgain&amp;quot; type=&amp;quot;checkbox&amp;quot; value=&amp;quot;true&amp;quot; data-bind=&amp;quot;ariaLabel: str[&amp;apos;STR_Kmsi_DontShowAgain&amp;apos;]&amp;quot; aria-label=&amp;quot;Don&amp;apos;t show this again&amp;quot;&amp;gt; is not clickable at point (580, 455). Other element would receive the click: &amp;lt;span data-bind=&amp;quot;text: str[&amp;apos;STR_Kmsi_DontShowAgain&amp;apos;]&amp;quot;&amp;gt;...&amp;lt;/span&amp;gt;
  (Session info: chrome=109.0.5414.119)
Build info: version: &amp;apos;4.8.0&amp;apos;, revision: &amp;apos;267030adea&amp;apos;
System info: os.name: &amp;apos;Mac OS X&amp;apos;, os.arch: &amp;apos;x86_64&amp;apos;, os.version: &amp;apos;13.2&amp;apos;, java.version: &amp;apos;18.0.2.1&amp;apos;
Driver info: org.openqa.selenium.chrome.ChromeDriver
Command: [a8ccdad0300cccf7f984826dacb0f278, clickElement {id=8a7a7cf3-cb23-4077-9cd2-6629f6604078}]
Capabilities {acceptInsecureCerts: false, browserName: chrome, browserVersion: 109.0.5414.119, chrome: {chromedriverVersion: 109.0.5414.74 (e7c5703604da..., userDataDir: /var/folders/hq/r6nkzgp9565...}, goog:chromeOptions: {debuggerAddress: localhost:52034}, networkConnectionEnabled: false, pageLoadStrategy: normal, platformName: MAC, proxy: Proxy(), se:cdp: ws://localhost:52034/devtoo..., se:cdpVersion: 109.0.5414.119, setWindowRect: true, strictFileInteractability: false, timeouts: {implicit: 0, pageLoad: 300000, script: 30000}, unhandledPromptBehavior: dismiss and notify, webauthn:extension:credBlob: true, webauthn:extension:largeBlob: true, webauthn:virtualAuthenticators: true}
Element: [[ChromeDriver: chrome on MAC (a8ccdad0300cccf7f984826dacb0f278)] -&amp;gt; id: KmsiCheckboxField]
Session ID: a8ccdad0300cccf7f984826dacb0f278">
      <![CDATA[org.openqa.selenium.ElementClickInterceptedException: element click intercepted: Element <input id="KmsiCheckboxField" name="DontShowAgain" type="checkbox" value="true" data-bind="ariaLabel: str['STR_Kmsi_DontShowAgain']" aria-label="Don't show this again"> is not clickable at point (580, 455). Other element would receive the click: <span data-bind="text: str['STR_Kmsi_DontShowAgain']">...</span>
  (Session info: chrome=109.0.5414.119)
Build info: version: '4.8.0', revision: '267030adea'
System info: os.name: 'Mac OS X', os.arch: 'x86_64', os.version: '13.2', java.version: '18.0.2.1'
Driver info: org.openqa.selenium.chrome.ChromeDriver
Command: [a8ccdad0300cccf7f984826dacb0f278, clickElement {id=8a7a7cf3-cb23-4077-9cd2-6629f6604078}]
Capabilities {acceptInsecureCerts: false, browserName: chrome, browserVersion: 109.0.5414.119, chrome: {chromedriverVersion: 109.0.5414.74 (e7c5703604da..., userDataDir: /var/folders/hq/r6nkzgp9565...}, goog:chromeOptions: {debuggerAddress: localhost:52034}, networkConnectionEnabled: false, pageLoadStrategy: normal, platformName: MAC, proxy: Proxy(), se:cdp: ws://localhost:52034/devtoo..., se:cdpVersion: 109.0.5414.119, setWindowRect: true, strictFileInteractability: false, timeouts: {implicit: 0, pageLoad: 300000, script: 30000}, unhandledPromptBehavior: dismiss and notify, webauthn:extension:credBlob: true, webauthn:extension:largeBlob: true, webauthn:virtualAuthenticators: true}
Element: [[ChromeDriver: chrome on MAC (a8ccdad0300cccf7f984826dacb0f278)] -> id: KmsiCheckboxField]
Session ID: a8ccdad0300cccf7f984826dacb0f278
at org.openqa.selenium.remote.codec.w3c.W3CHttpResponseCodec.createException(W3CHttpResponseCodec.java:200)
at org.openqa.selenium.remote.codec.w3c.W3CHttpResponseCodec.decode(W3CHttpResponseCodec.java:133)
at org.openqa.selenium.remote.codec.w3c.W3CHttpResponseCodec.decode(W3CHttpResponseCodec.java:53)
at org.openqa.selenium.remote.HttpCommandExecutor.execute(HttpCommandExecutor.java:184)
at org.openqa.selenium.remote.service.DriverCommandExecutor.invokeExecute(DriverCommandExecutor.java:167)
at org.openqa.selenium.remote.service.DriverCommandExecutor.execute(DriverCommandExecutor.java:142)
at org.openqa.selenium.remote.RemoteWebDriver.execute(RemoteWebDriver.java:543)
at org.openqa.selenium.remote.RemoteWebElement.execute(RemoteWebElement.java:257)
at org.openqa.selenium.remote.RemoteWebElement.click(RemoteWebElement.java:78)
at org.openqa.selenium.support.pagefactory.internal.LocatingElementHandler.invoke(LocatingElementHandler.java:52)
at jdk.proxy2/jdk.proxy2.$Proxy22.click(Unknown Source)
at POM_Classes.StaySignedIn.clickOnYes(StaySignedIn.java:35)
at TestScriptsForM365.SendMailFromOnlineToOnpremAccount.sendEmail(SendMailFromOnlineToOnpremAccount.java:30)
at java.base/java.util.ArrayList.forEach(ArrayList.java:1511)
... Removed 30 stack frames]]>
    </failure>
  </testcase> <!-- sendEmail -->
</testsuite> <!-- Test -->
